Determining if the pthread_create exist failed with the following output:
Change Dir: /home/xueyelin/Thermite_Boom_Boom/Code/ROS/uarmws/build/CMakeFiles/CMakeTmp

Run Build Command:"/usr/bin/make" "cmTC_c94d5/fast"
/usr/bin/make -f CMakeFiles/cmTC_c94d5.dir/build.make CMakeFiles/cmTC_c94d5.dir/build
make[1]: Entering directory '/home/xueyelin/Thermite_Boom_Boom/Code/ROS/uarmws/build/CMakeFiles/CMakeTmp'
Building C object CMakeFiles/cmTC_c94d5.dir/CheckSymbolExists.c.o
/usr/bin/cc    -o CMakeFiles/cmTC_c94d5.dir/CheckSymbolExists.c.o   -c /home/xueyelin/Thermite_Boom_Boom/Code/ROS/uarmws/build/CMakeFiles/CMakeTmp/CheckSymbolExists.c
Linking C executable cmTC_c94d5
/usr/bin/cmake -E cmake_link_script CMakeFiles/cmTC_c94d5.dir/link.txt --verbose=1
/usr/bin/cc      -rdynamic CMakeFiles/cmTC_c94d5.dir/CheckSymbolExists.c.o  -o cmTC_c94d5 
CMakeFiles/cmTC_c94d5.dir/CheckSymbolExists.c.o: In function `main':
CheckSymbolExists.c:(.text+0x1b): undefined reference to `pthread_create'
collect2: error: ld returned 1 exit status
CMakeFiles/cmTC_c94d5.dir/build.make:97: recipe for target 'cmTC_c94d5' failed
make[1]: *** [cmTC_c94d5] Error 1
make[1]: Leaving directory '/home/xueyelin/Thermite_Boom_Boom/Code/ROS/uarmws/build/CMakeFiles/CMakeTmp'
Makefile:126: recipe for target 'cmTC_c94d5/fast' failed
make: *** [cmTC_c94d5/fast] Error 2

File /home/xueyelin/Thermite_Boom_Boom/Code/ROS/uarmws/build/CMakeFiles/CMakeTmp/CheckSymbolExists.c:
/* */
#include <pthread.h>

int main(int argc, char** argv)
{
  (void)argv;
#ifndef pthread_create
  return ((int*)(&pthread_create))[argc];
#else
  (void)argc;
  return 0;
#endif
}

Determining if the function pthread_create exists in the pthreads failed with the following output:
Change Dir: /home/xueyelin/Thermite_Boom_Boom/Code/ROS/uarmws/build/CMakeFiles/CMakeTmp

Run Build Command:"/usr/bin/make" "cmTC_2d541/fast"
/usr/bin/make -f CMakeFiles/cmTC_2d541.dir/build.make CMakeFiles/cmTC_2d541.dir/build
make[1]: Entering directory '/home/xueyelin/Thermite_Boom_Boom/Code/ROS/uarmws/build/CMakeFiles/CMakeTmp'
Building C object CMakeFiles/cmTC_2d541.dir/CheckFunctionExists.c.o
/usr/bin/cc   -DCHECK_FUNCTION_EXISTS=pthread_create   -o CMakeFiles/cmTC_2d541.dir/CheckFunctionExists.c.o   -c /usr/share/cmake-3.10/Modules/CheckFunctionExists.c
Linking C executable cmTC_2d541
/usr/bin/cmake -E cmake_link_script CMakeFiles/cmTC_2d541.dir/link.txt --verbose=1
/usr/bin/cc  -DCHECK_FUNCTION_EXISTS=pthread_create    -rdynamic CMakeFiles/cmTC_2d541.dir/CheckFunctionExists.c.o  -o cmTC_2d541 -lpthreads 
/usr/bin/ld: cannot find -lpthreads
collect2: error: ld returned 1 exit status
CMakeFiles/cmTC_2d541.dir/build.make:97: recipe for target 'cmTC_2d541' failed
make[1]: *** [cmTC_2d541] Error 1
make[1]: Leaving directory '/home/xueyelin/Thermite_Boom_Boom/Code/ROS/uarmws/build/CMakeFiles/CMakeTmp'
Makefile:126: recipe for target 'cmTC_2d541/fast' failed
make: *** [cmTC_2d541/fast] Error 2


